<?xml version="1.0" encoding="UTF-8"?>
<!-- Generated by org.testng.reporters.JUnitReportReporter -->
<testsuite skipped="0" hostname="Gio" name="FilterTest" tests="3" failures="0" timestamp="28 Sep 2019 17:06:36 GMT" time="42.038" errors="0">
  <testcase name="C_FullFilter" time="13.111" classname="FilterTest"/>
  <testcase name="A_SanityFilter" time="15.813" classname="FilterTest"/>
  <testcase name="B_RegrssionFilter" time="13.114" classname="FilterTest"/>
</testsuite> <!-- FilterTest -->
