<?xml version="1.0" encoding="UTF-8"?>
<!-- Generated by org.testng.reporters.JUnitReportReporter -->
<testsuite skipped="0" hostname="Gio" name="ClarityTest" tests="3" failures="0" timestamp="28 Sep 2019 17:06:36 GMT" time="0.012" errors="0">
  <testcase name="B_RegressionClarity" time="0.004" classname="ClarityTest"/>
  <testcase name="A_SanityClarity" time="0.004" classname="ClarityTest"/>
  <testcase name="C_FullClarity" time="0.004" classname="ClarityTest"/>
</testsuite> <!-- ClarityTest -->
