<?xml version="1.0" encoding="UTF-8"?>
<!-- Generated by org.testng.reporters.JUnitReportReporter -->
<testsuite skipped="0" hostname="Gio" name="CropTest" tests="3" failures="0" timestamp="28 Sep 2019 17:12:11 GMT" time="0.003" errors="0">
  <testcase name="A_RegressionCrop" time="0.001" classname="CropTest"/>
  <testcase name="C_FullCrop" time="0.001" classname="CropTest"/>
  <testcase name="B_RegressionCrop2" time="0.001" classname="CropTest"/>
</testsuite> <!-- CropTest -->
