<?xml version="1.0" encoding="UTF-8"?>
<!-- Generated by org.testng.reporters.JUnitReportReporter -->
<testsuite skipped="0" hostname="Gio" name="ClarityTest" tests="3" failures="0" timestamp="28 Sep 2019 17:12:11 GMT" time="0.002" errors="0">
  <testcase name="A_SanityClarity" time="0.000" classname="ClarityTest"/>
  <testcase name="C_FullClarity" time="0.001" classname="ClarityTest"/>
  <testcase name="B_RegressionClarity" time="0.001" classname="ClarityTest"/>
</testsuite> <!-- ClarityTest -->
