<?xml version="1.0" encoding="UTF-8"?>
<!-- Generated by org.testng.reporters.JUnitReportReporter -->
<testsuite skipped="0" hostname="Gio" name="FilterTest" tests="3" failures="0" timestamp="28 Sep 2019 17:12:11 GMT" time="38.693" errors="0">
  <testcase name="A_SanityFilter" time="12.463" classname="FilterTest"/>
  <testcase name="B_RegrssionFilter" time="12.934" classname="FilterTest"/>
  <testcase name="C_FullFilter" time="13.296" classname="FilterTest"/>
</testsuite> <!-- FilterTest -->
